<?xml version="1.0" encoding="UTF-8"?>
<testsuites>
  <testsuite name="fastlane.lanes">
    
    
    
      
      <testcase classname="fastlane.lanes" name="0: default_platform" time="0.2653374">
        
      </testcase>
    
      
      <testcase classname="fastlane.lanes" name="1: connectedAndroidTest" time="48.4660735">
        
          <failure message="C:/Ruby32-x64/lib/ruby/gems/3.2.0/gems/fastlane-2.214.0/fastlane/lib/fastlane/actions/actions_helper.rb:67:in `execute_action&apos;&#10;C:/Ruby32-x64/lib/ruby/gems/3.2.0/gems/fastlane-2.214.0/fastlane/lib/fastlane/runner.rb:255:in `block in execute_action&apos;&#10;C:/Ruby32-x64/lib/ruby/gems/3.2.0/gems/fastlane-2.214.0/fastlane/lib/fastlane/runner.rb:229:in `chdir&apos;&#10;C:/Ruby32-x64/lib/ruby/gems/3.2.0/gems/fastlane-2.214.0/fastlane/lib/fastlane/runner.rb:229:in `execute_action&apos;&#10;C:/Ruby32-x64/lib/ruby/gems/3.2.0/gems/fastlane-2.214.0/fastlane/lib/fastlane/runner.rb:157:in `trigger_action_by_name&apos;&#10;C:/Ruby32-x64/lib/ruby/gems/3.2.0/gems/fastlane-2.214.0/fastlane/lib/fastlane/fast_file.rb:159:in `method_missing&apos;&#10;Fastfile:14:in `block (2 levels) in parsing_binding&apos;&#10;C:/Ruby32-x64/lib/ruby/gems/3.2.0/gems/fastlane-2.214.0/fastlane/lib/fastlane/lane.rb:33:in `call&apos;&#10;C:/Ruby32-x64/lib/ruby/gems/3.2.0/gems/fastlane-2.214.0/fastlane/lib/fastlane/runner.rb:49:in `block in execute&apos;&#10;C:/Ruby32-x64/lib/ruby/gems/3.2.0/gems/fastlane-2.214.0/fastlane/lib/fastlane/runner.rb:45:in `chdir&apos;&#10;C:/Ruby32-x64/lib/ruby/gems/3.2.0/gems/fastlane-2.214.0/fastlane/lib/fastlane/runner.rb:45:in `execute&apos;&#10;C:/Ruby32-x64/lib/ruby/gems/3.2.0/gems/fastlane-2.214.0/fastlane/lib/fastlane/lane_manager.rb:47:in `cruise_lane&apos;&#10;C:/Ruby32-x64/lib/ruby/gems/3.2.0/gems/fastlane-2.214.0/fastlane/lib/fastlane/command_line_handler.rb:36:in `handle&apos;&#10;C:/Ruby32-x64/lib/ruby/gems/3.2.0/gems/fastlane-2.214.0/fastlane/lib/fastlane/commands_generator.rb:110:in `block (2 levels) in run&apos;&#10;C:/Ruby32-x64/lib/ruby/gems/3.2.0/gems/commander-4.6.0/lib/commander/command.rb:187:in `call&apos;&#10;C:/Ruby32-x64/lib/ruby/gems/3.2.0/gems/commander-4.6.0/lib/commander/command.rb:157:in `run&apos;&#10;C:/Ruby32-x64/lib/ruby/gems/3.2.0/gems/commander-4.6.0/lib/commander/runner.rb:444:in `run_active_command&apos;&#10;C:/Ruby32-x64/lib/ruby/gems/3.2.0/gems/fastlane-2.214.0/fastlane_core/lib/fastlane_core/ui/fastlane_runner.rb:124:in `run!&apos;&#10;C:/Ruby32-x64/lib/ruby/gems/3.2.0/gems/commander-4.6.0/lib/commander/delegates.rb:18:in `run!&apos;&#10;C:/Ruby32-x64/lib/ruby/gems/3.2.0/gems/fastlane-2.214.0/fastlane/lib/fastlane/commands_generator.rb:354:in `run&apos;&#10;C:/Ruby32-x64/lib/ruby/gems/3.2.0/gems/fastlane-2.214.0/fastlane/lib/fastlane/commands_generator.rb:43:in `start&apos;&#10;C:/Ruby32-x64/lib/ruby/gems/3.2.0/gems/fastlane-2.214.0/fastlane/lib/fastlane/cli_tools_distributor.rb:123:in `take_off&apos;&#10;C:/Ruby32-x64/lib/ruby/gems/3.2.0/gems/fastlane-2.214.0/bin/fastlane:23:in `&lt;top (required)&gt;&apos;&#10;C:/Ruby32-x64/bin/fastlane:32:in `load&apos;&#10;C:/Ruby32-x64/bin/fastlane:32:in `&lt;main&gt;&apos;&#10;&#10;Exit status of command &apos;C:/Users/theni/AndroidStudioProjects/GroupProject/gradlew connectedAndroidTest -p .&apos; was 1 instead of 0.&#10;&#10;&gt; Configure project :app&#10;app: &apos;annotationProcessor&apos; dependencies won&apos;t be recognized as kapt annotation processors. Please change the configuration name to &apos;kapt&apos; for these artifacts: &apos;com.github.bumptech.glide:compiler:4.15.0&apos;.&#10;&#10;&gt; Task :app:preBuild UP-TO-DATE&#10;&gt; Task :app:preDebugBuild UP-TO-DATE&#10;&gt; Task :app:compileDebugAidl NO-SOURCE&#10;&gt; Task :app:compileDebugRenderscript NO-SOURCE&#10;&gt; Task :app:dataBindingMergeDependencyArtifactsDebug UP-TO-DATE&#10;&gt; Task :app:generateDebugResValues UP-TO-DATE&#10;&gt; Task :app:generateDebugResources UP-TO-DATE&#10;&gt; Task :app:processDebugGoogleServices UP-TO-DATE&#10;&gt; Task :app:mergeDebugResources UP-TO-DATE&#10;&gt; Task :app:packageDebugResources UP-TO-DATE&#10;&gt; Task :app:parseDebugLocalResources UP-TO-DATE&#10;&gt; Task :app:dataBindingGenBaseClassesDebug UP-TO-DATE&#10;&gt; Task :app:generateDebugBuildConfig UP-TO-DATE&#10;&gt; Task :app:generateSafeArgsDebug UP-TO-DATE&#10;&gt; Task :app:checkDebugAarMetadata UP-TO-DATE&#10;&gt; Task :app:mapDebugSourceSetPaths UP-TO-DATE&#10;&gt; Task :app:createDebugCompatibleScreenManifests UP-TO-DATE&#10;&gt; Task :app:extractDeepLinksDebug UP-TO-DATE&#10;&gt; Task :app:processDebugMainManifest UP-TO-DATE&#10;&gt; Task :app:processDebugManifest UP-TO-DATE&#10;&gt; Task :app:processDebugManifestForPackage UP-TO-DATE&#10;&gt; Task :app:processDebugResources UP-TO-DATE&#10;&gt; Task :app:kaptGenerateStubsDebugKotlin UP-TO-DATE&#10;&gt; Task :app:kaptDebugKotlin UP-TO-DATE&#10;&gt; Task :app:compileDebugKotlin UP-TO-DATE&#10;&gt; Task :app:javaPreCompileDebug UP-TO-DATE&#10;&gt; Task :app:compileDebugJavaWithJavac UP-TO-DATE&#10;&gt; Task :app:bundleDebugClassesToCompileJar UP-TO-DATE&#10;&gt; Task :app:preDebugAndroidTestBuild SKIPPED&#10;&gt; Task :app:compileDebugAndroidTestAidl NO-SOURCE&#10;&gt; Task :app:processDebugAndroidTestManifest&#10;&gt; Task :app:compileDebugAndroidTestRenderscript NO-SOURCE&#10;&gt; Task :app:dataBindingMergeDependencyArtifactsDebugAndroidTest&#10;&gt; Task :app:generateDebugAndroidTestResValues&#10;&gt; Task :app:generateDebugAndroidTestResources&#10;&gt; Task :app:generateDebugAndroidTestBuildConfig&#10;&gt; Task :app:checkDebugAndroidTestAarMetadata&#10;&gt; Task :app:mapDebugAndroidTestSourceSetPaths&#10;&gt; Task :app:mergeDebugShaders&#10;&gt; Task :app:compileDebugShaders NO-SOURCE&#10;&gt; Task :app:generateDebugAssets UP-TO-DATE&#10;&gt; Task :app:javaPreCompileDebugAndroidTest&#10;&gt; Task :app:mergeDebugAssets&#10;&gt; Task :app:compressDebugAssets&#10;&gt; Task :app:processDebugJavaRes NO-SOURCE&#10;&gt; Task :app:mergeDebugAndroidTestResources&#10;&gt; Task :app:dataBindingGenBaseClassesDebugAndroidTest&#10;&gt; Task :app:checkDebugDuplicateClasses&#10;&gt; Task :app:desugarDebugFileDependencies&#10;&gt; Task :app:mergeLibDexDebug&#10;&gt; Task :app:processDebugAndroidTestResources&#10;&gt; Task :app:mergeDebugJavaResource&#10;&gt; Task :app:dexBuilderDebug&#10;&gt; Task :app:mergeDebugJniLibFolders&#10;&gt; Task :app:mergeDebugNativeLibs&#10;&gt; Task :app:mergeProjectDexDebug&#10;&gt; Task :app:validateSigningDebug&#10;&gt; Task :app:writeDebugAppMetadata&#10;&gt; Task :app:writeDebugSigningConfigVersions&#10;&gt; Task :app:mergeDebugAndroidTestShaders&#10;&gt; Task :app:compileDebugAndroidTestShaders NO-SOURCE&#10;&gt; Task :app:generateDebugAndroidTestAssets UP-TO-DATE&#10;&gt; Task :app:kaptGenerateStubsDebugAndroidTestKotlin&#10;&gt; Task :app:mergeDebugAndroidTestAssets&#10;&gt; Task :app:stripDebugDebugSymbols&#10;&gt; Task :app:mergeExtDexDebug&#10;&gt; Task :app:kaptDebugAndroidTestKotlin&#10;&gt; Task :app:compressDebugAndroidTestAssets&#10;&gt; Task :app:processDebugAndroidTestJavaRes NO-SOURCE&#10;&gt; Task :app:mergeDebugAndroidTestJniLibFolders&#10;&gt; Task :app:mergeDebugAndroidTestNativeLibs NO-SOURCE&#10;&gt; Task :app:desugarDebugAndroidTestFileDependencies&#10;&gt; Task :app:validateSigningDebugAndroidTest&#10;&gt; Task :app:writeDebugAndroidTestSigningConfigVersions&#10;&gt; Task :app:checkDebugAndroidTestDuplicateClasses&#10;&gt; Task :app:mergeLibDexDebugAndroidTest&#10;&gt; Task :app:packageDebug&#10;&gt; Task :app:createDebugApkListingFileRedirect&#10;&gt; Task :app:mergeExtDexDebugAndroidTest&#10;&#10;&gt; Task :app:compileDebugAndroidTestKotlin&#10;w: file:///C:/Users/theni/AndroidStudioProjects/GroupProject/app/src/androidTest/java/com/academy/alfagiftmini/presentation/homepage/components/fragment/officialstore/detail/FragmentDetailofficialStoreNamaProductTest.kt:37:38 Elvis operator (?:) always returns the left operand of non-nullable type Int&#10;&#10;&gt; Task :app:compileDebugAndroidTestJavaWithJavac&#10;&gt; Task :app:dexBuilderDebugAndroidTest&#10;&gt; Task :app:mergeProjectDexDebugAndroidTest&#10;&gt; Task :app:mergeDebugAndroidTestJavaResource&#10;&gt; Task :app:packageDebugAndroidTest&#10;&gt; Task :app:createDebugAndroidTestApkListingFileRedirect&#10;&#10;&gt; Task :app:connectedDebugAndroidTest&#10;Exception thrown during onBeforeAll invocation of plugin com.google.testing.platform.plugin.android.AndroidDevicePlugin.&#10;Failed to install APK(s): C:\Users\theni\AndroidStudioProjects\GroupProject\app\build\outputs\apk\androidTest\debug\app-debug-androidTest.apk&#10;INSTALL_FAILED_UPDATE_INCOMPATIBLE: Package com.academy.alfagiftmini.test signatures do not match previously installed version; ignoring!&#10;com.android.ddmlib.InstallException: INSTALL_FAILED_UPDATE_INCOMPATIBLE: Package com.academy.alfagiftmini.test signatures do not match previously installed version; ignoring!&#10;	at com.android.ddmlib.internal.DeviceImpl.installRemotePackage(DeviceImpl.java:1373)&#10;	at com.android.ddmlib.internal.DeviceImpl.installPackage(DeviceImpl.java:1199)&#10;	at com.android.tools.utp.plugins.deviceprovider.ddmlib.DdmlibAndroidDevice.installPackage(DdmlibAndroidDevice.kt)&#10;	at com.android.tools.utp.plugins.deviceprovider.ddmlib.DdmlibAndroidDeviceController$executeAsync$deferred$1.invokeSuspend(DdmlibAndroidDeviceController.kt:180)&#10;	at kotlin.coroutines.jvm.internal.BaseContinuationImpl.resumeWith(ContinuationImpl.kt:33)&#10;	at kotlinx.coroutines.DispatchedTask.run(DispatchedTask.kt:106)&#10;	at kotlinx.coroutines.scheduling.CoroutineScheduler.runSafely(CoroutineScheduler.kt:571)&#10;	at kotlinx.coroutines.scheduling.CoroutineScheduler$Worker.executeTask(CoroutineScheduler.kt:750)&#10;	at kotlinx.coroutines.scheduling.CoroutineScheduler$Worker.runWorker(CoroutineScheduler.kt:678)&#10;	at kotlinx.coroutines.scheduling.CoroutineScheduler$Worker.run(CoroutineScheduler.kt:665)&#10;&#10;&#10;&gt; Task :app:connectedDebugAndroidTest FAILED&#10;&#10;FAILURE: Build failed with an exception.&#10;&#10;* What went wrong:&#10;Execution failed for task &apos;:app:connectedDebugAndroidTest&apos;.&#10;&gt; There were failing tests. See the report at: file:///C:/Users/theni/AndroidStudioProjects/GroupProject/app/build/reports/androidTests/connected/index.html&#10;&#10;* Try:&#10;&gt; Run with --stacktrace option to get the stack trace.&#10;&gt; Run with --info or --debug option to get more log output.&#10;&gt; Run with --scan to get full insights.&#10;&#10;* Get more help at https://help.gradle.org&#10;&#10;Deprecated Gradle features were used in this build, making it incompatible with Gradle 9.0.&#10;&#10;You can use &apos;--warning-mode all&apos; to show the individual deprecation warnings and determine if they come from your own scripts or plugins.&#10;&#10;See https://docs.gradle.org/8.0/userguide/command_line_interface.html#sec:command_line_warnings&#10;&#10;BUILD FAILED in 47s&#10;71 actionable tasks: 48 executed, 23 up-to-date&#10;" />
        
      </testcase>
    
  </testsuite>
</testsuites>
